[28-Jun-2020 18:35:42] NOTICE: fpm is running, pid 34145
[28-Jun-2020 18:35:42] NOTICE: ready to handle connections
[29-Jun-2020 07:14:21] NOTICE: Terminating ...
[29-Jun-2020 07:14:21] NOTICE: Terminating ...
[29-Jun-2020 07:14:21] NOTICE: exiting, bye-bye!
[04-Jul-2020 15:18:58] NOTICE: fpm is running, pid 4226
[04-Jul-2020 15:18:58] NOTICE: ready to handle connections
[04-Jul-2020 17:42:15] NOTICE: Terminating ...
[04-Jul-2020 17:42:15] NOTICE: Terminating ...
[04-Jul-2020 17:42:15] NOTICE: exiting, bye-bye!
[07-Jul-2020 11:14:12] NOTICE: fpm is running, pid 12347
[07-Jul-2020 11:14:12] NOTICE: ready to handle connections
[07-Jul-2020 21:51:30] NOTICE: Terminating ...
[07-Jul-2020 21:51:30] NOTICE: Terminating ...
[07-Jul-2020 21:51:30] NOTICE: exiting, bye-bye!
[08-Jul-2020 13:29:03] NOTICE: fpm is running, pid 2813
[08-Jul-2020 13:29:03] NOTICE: ready to handle connections
[08-Jul-2020 21:29:30] NOTICE: Terminating ...
[08-Jul-2020 21:29:30] NOTICE: Terminating ...
[08-Jul-2020 21:29:30] NOTICE: exiting, bye-bye!
